{"/home/rails/parking_app/car-parking-app/src/App.tsx": {"path":"/home/rails/parking_app/car-parking-app/src/App.tsx","statementMap":{"0":{"start":{"line":8,"column":2},"end":{"line":25,"column":4}}},"fnMap":{"0":{"name":"App","decl":{"start":{"line":7,"column":9},"end":{"line":7,"column":12}},"loc":{"start":{"line":7,"column":15},"end":{"line":26,"column":1}},"line":7}},"branchMap":{},"s":{"0":1},"f":{"0":1},"b":{},"_coverageSchema":"1a1c01bbd47fc00a2c39e90264f33305004495a9","hash":"d40e88b8e5081d4090596f3e93dbc43070720cbd"}
,"/home/rails/parking_app/car-parking-app/src/Router.tsx": {"path":"/home/rails/parking_app/car-parking-app/src/Router.tsx","statementMap":{"0":{"start":{"line":3,"column":19},"end":{"line":19,"column":1}},"1":{"start":{"line":5,"column":20},"end":{"line":17,"column":5}},"2":{"start":{"line":6,"column":25},"end":{"line":6,"column":38}},"3":{"start":{"line":7,"column":23},"end":{"line":7,"column":34}},"4":{"start":{"line":8,"column":25},"end":{"line":8,"column":38}},"5":{"start":{"line":9,"column":8},"end":{"line":16,"column":9}},"6":{"start":{"line":18,"column":4},"end":{"line":18,"column":19}}},"fnMap":{"0":{"name":"(anonymous_0)","decl":{"start":{"line":3,"column":19},"end":{"line":3,"column":20}},"loc":{"start":{"line":3,"column":39},"end":{"line":19,"column":1}},"line":3},"1":{"name":"(anonymous_1)","decl":{"start":{"line":5,"column":20},"end":{"line":5,"column":21}},"loc":{"start":{"line":5,"column":36},"end":{"line":17,"column":5}},"line":5}},"branchMap":{},"s":{"0":4,"1":6,"2":1,"3":1,"4":1,"5":1,"6":6},"f":{"0":6,"1":1},"b":{},"_coverageSchema":"1a1c01bbd47fc00a2c39e90264f33305004495a9","hash":"439285664774eaeab6cee9e2b1f41e3afd924c83"}
,"/home/rails/parking_app/car-parking-app/src/index.tsx": {"path":"/home/rails/parking_app/car-parking-app/src/index.tsx","statementMap":{"0":{"start":{"line":9,"column":13},"end":{"line":11,"column":3}},"1":{"start":{"line":13,"column":0},"end":{"line":21,"column":2}}},"fnMap":{},"branchMap":{},"s":{"0":0,"1":0},"f":{},"b":{}}
,"/home/rails/parking_app/car-parking-app/src/Components/ParkingCharges/ParkingCharges.tsx": {"path":"/home/rails/parking_app/car-parking-app/src/Components/ParkingCharges/ParkingCharges.tsx","statementMap":{"0":{"start":{"line":29,"column":20},"end":{"line":29,"column":24}},"1":{"start":{"line":31,"column":8},"end":{"line":31,"column":21}},"2":{"start":{"line":32,"column":8},"end":{"line":36,"column":10}},"3":{"start":{"line":39,"column":24},"end":{"line":50,"column":5}},"4":{"start":{"line":40,"column":23},"end":{"line":40,"column":42}},"5":{"start":{"line":41,"column":26},"end":{"line":41,"column":46}},"6":{"start":{"line":42,"column":23},"end":{"line":42,"column":89}},"7":{"start":{"line":43,"column":27},"end":{"line":43,"column":28}},"8":{"start":{"line":44,"column":8},"end":{"line":48,"column":9}},"9":{"start":{"line":45,"column":12},"end":{"line":45,"column":30}},"10":{"start":{"line":47,"column":12},"end":{"line":47,"column":52}},"11":{"start":{"line":49,"column":8},"end":{"line":49,"column":74}},"12":{"start":{"line":52,"column":27},"end":{"line":54,"column":5}},"13":{"start":{"line":56,"column":13},"end":{"line":58,"column":5}},"14":{"start":{"line":57,"column":8},"end":{"line":57,"column":31}},"15":{"start":{"line":60,"column":28},"end":{"line":75,"column":5}},"16":{"start":{"line":61,"column":35},"end":{"line":61,"column":85}},"17":{"start":{"line":62,"column":29},"end":{"line":62,"column":128}},"18":{"start":{"line":62,"column":78},"end":{"line":62,"column":127}},"19":{"start":{"line":63,"column":8},"end":{"line":63,"column":67}},"20":{"start":{"line":64,"column":8},"end":{"line":64,"column":59}},"21":{"start":{"line":65,"column":25},"end":{"line":72,"column":12}},"22":{"start":{"line":73,"column":8},"end":{"line":73,"column":30}},"23":{"start":{"line":74,"column":8},"end":{"line":74,"column":32}},"24":{"start":{"line":79,"column":8},"end":{"line":92,"column":9}},"25":{"start":{"line":87,"column":70},"end":{"line":87,"column":83}},"26":{"start":{"line":88,"column":149},"end":{"line":88,"column":177}},"27":{"start":{"line":96,"column":24},"end":{"line":98,"column":2}},"28":{"start":{"line":96,"column":41},"end":{"line":98,"column":1}},"29":{"start":{"line":100,"column":27},"end":{"line":102,"column":1}}},"fnMap":{"0":{"name":"(anonymous_0)","decl":{"start":{"line":30,"column":4},"end":{"line":30,"column":5}},"loc":{"start":{"line":30,"column":28},"end":{"line":37,"column":5}},"line":30},"1":{"name":"(anonymous_1)","decl":{"start":{"line":39,"column":24},"end":{"line":39,"column":25}},"loc":{"start":{"line":39,"column":30},"end":{"line":50,"column":5}},"line":39},"2":{"name":"(anonymous_2)","decl":{"start":{"line":52,"column":27},"end":{"line":52,"column":28}},"loc":{"start":{"line":52,"column":33},"end":{"line":54,"column":5}},"line":52},"3":{"name":"(anonymous_3)","decl":{"start":{"line":56,"column":13},"end":{"line":56,"column":14}},"loc":{"start":{"line":56,"column":19},"end":{"line":58,"column":5}},"line":56},"4":{"name":"(anonymous_4)","decl":{"start":{"line":60,"column":28},"end":{"line":60,"column":29}},"loc":{"start":{"line":60,"column":40},"end":{"line":75,"column":5}},"line":60},"5":{"name":"(anonymous_5)","decl":{"start":{"line":62,"column":60},"end":{"line":62,"column":61}},"loc":{"start":{"line":62,"column":78},"end":{"line":62,"column":127}},"line":62},"6":{"name":"(anonymous_6)","decl":{"start":{"line":78,"column":4},"end":{"line":78,"column":5}},"loc":{"start":{"line":78,"column":13},"end":{"line":93,"column":5}},"line":78},"7":{"name":"(anonymous_7)","decl":{"start":{"line":87,"column":64},"end":{"line":87,"column":65}},"loc":{"start":{"line":87,"column":70},"end":{"line":87,"column":83}},"line":87},"8":{"name":"(anonymous_8)","decl":{"start":{"line":88,"column":143},"end":{"line":88,"column":144}},"loc":{"start":{"line":88,"column":149},"end":{"line":88,"column":177}},"line":88},"9":{"name":"(anonymous_9)","decl":{"start":{"line":96,"column":24},"end":{"line":96,"column":25}},"loc":{"start":{"line":96,"column":41},"end":{"line":98,"column":1}},"line":96}},"branchMap":{"0":{"loc":{"start":{"line":44,"column":8},"end":{"line":48,"column":9}},"type":"if","locations":[{"start":{"line":44,"column":8},"end":{"line":48,"column":9}},{"start":{"line":46,"column":15},"end":{"line":48,"column":9}}],"line":44}},"s":{"0":2,"1":2,"2":2,"3":2,"4":2,"5":2,"6":2,"7":2,"8":2,"9":0,"10":2,"11":2,"12":2,"13":2,"14":0,"15":2,"16":1,"17":1,"18":1,"19":1,"20":1,"21":1,"22":1,"23":1,"24":4,"25":0,"26":1,"27":2,"28":0,"29":2},"f":{"0":2,"1":2,"2":1,"3":0,"4":1,"5":1,"6":4,"7":0,"8":1,"9":0},"b":{"0":[0,2]},"_coverageSchema":"1a1c01bbd47fc00a2c39e90264f33305004495a9","hash":"f30efafa0d27b66a8b7aa0fa476d971195f990ff"}
,"/home/rails/parking_app/car-parking-app/src/Components/ParkingHome/ParkingHome.tsx": {"path":"/home/rails/parking_app/car-parking-app/src/Components/ParkingHome/ParkingHome.tsx","statementMap":{"0":{"start":{"line":23,"column":20},"end":{"line":23,"column":24}},"1":{"start":{"line":25,"column":8},"end":{"line":25,"column":21}},"2":{"start":{"line":26,"column":8},"end":{"line":28,"column":10}},"3":{"start":{"line":31,"column":24},"end":{"line":33,"column":5}},"4":{"start":{"line":32,"column":8},"end":{"line":32,"column":41}},"5":{"start":{"line":35,"column":27},"end":{"line":37,"column":5}},"6":{"start":{"line":39,"column":28},"end":{"line":42,"column":5}},"7":{"start":{"line":40,"column":8},"end":{"line":40,"column":32}},"8":{"start":{"line":41,"column":8},"end":{"line":41,"column":60}},"9":{"start":{"line":44,"column":21},"end":{"line":46,"column":5}},"10":{"start":{"line":45,"column":8},"end":{"line":45,"column":98}},"11":{"start":{"line":48,"column":29},"end":{"line":66,"column":5}},"12":{"start":{"line":49,"column":8},"end":{"line":65,"column":9}},"13":{"start":{"line":55,"column":39},"end":{"line":55,"column":69}},"14":{"start":{"line":59,"column":124},"end":{"line":59,"column":146}},"15":{"start":{"line":69,"column":8},"end":{"line":73,"column":9}},"16":{"start":{"line":77,"column":24},"end":{"line":79,"column":2}},"17":{"start":{"line":77,"column":41},"end":{"line":79,"column":1}},"18":{"start":{"line":81,"column":27},"end":{"line":83,"column":1}}},"fnMap":{"0":{"name":"(anonymous_0)","decl":{"start":{"line":24,"column":4},"end":{"line":24,"column":5}},"loc":{"start":{"line":24,"column":28},"end":{"line":29,"column":5}},"line":24},"1":{"name":"(anonymous_1)","decl":{"start":{"line":31,"column":24},"end":{"line":31,"column":25}},"loc":{"start":{"line":31,"column":36},"end":{"line":33,"column":5}},"line":31},"2":{"name":"(anonymous_2)","decl":{"start":{"line":35,"column":27},"end":{"line":35,"column":28}},"loc":{"start":{"line":35,"column":33},"end":{"line":37,"column":5}},"line":35},"3":{"name":"(anonymous_3)","decl":{"start":{"line":39,"column":28},"end":{"line":39,"column":29}},"loc":{"start":{"line":39,"column":44},"end":{"line":42,"column":5}},"line":39},"4":{"name":"(anonymous_4)","decl":{"start":{"line":44,"column":21},"end":{"line":44,"column":22}},"loc":{"start":{"line":44,"column":33},"end":{"line":46,"column":5}},"line":44},"5":{"name":"(anonymous_5)","decl":{"start":{"line":48,"column":29},"end":{"line":48,"column":30}},"loc":{"start":{"line":48,"column":35},"end":{"line":66,"column":5}},"line":48},"6":{"name":"(anonymous_6)","decl":{"start":{"line":55,"column":32},"end":{"line":55,"column":33}},"loc":{"start":{"line":55,"column":39},"end":{"line":55,"column":69}},"line":55},"7":{"name":"(anonymous_7)","decl":{"start":{"line":59,"column":118},"end":{"line":59,"column":119}},"loc":{"start":{"line":59,"column":124},"end":{"line":59,"column":146}},"line":59},"8":{"name":"(anonymous_8)","decl":{"start":{"line":68,"column":4},"end":{"line":68,"column":5}},"loc":{"start":{"line":68,"column":13},"end":{"line":74,"column":5}},"line":68},"9":{"name":"(anonymous_9)","decl":{"start":{"line":77,"column":24},"end":{"line":77,"column":25}},"loc":{"start":{"line":77,"column":41},"end":{"line":79,"column":1}},"line":77}},"branchMap":{},"s":{"0":3,"1":3,"2":3,"3":3,"4":3,"5":3,"6":3,"7":1,"8":1,"9":3,"10":1,"11":3,"12":4,"13":1,"14":1,"15":4,"16":2,"17":1,"18":2},"f":{"0":3,"1":3,"2":1,"3":1,"4":1,"5":4,"6":1,"7":1,"8":4,"9":1},"b":{},"_coverageSchema":"1a1c01bbd47fc00a2c39e90264f33305004495a9","hash":"dc4a9b0b408a06a7ece9883fc66064560e60a26f"}
,"/home/rails/parking_app/car-parking-app/src/Components/ParkingSlots /ParkingSlice.ts": {"path":"/home/rails/parking_app/car-parking-app/src/Components/ParkingSlots /ParkingSlice.ts","statementMap":{"0":{"start":{"line":8,"column":37},"end":{"line":10,"column":1}},"1":{"start":{"line":13,"column":28},"end":{"line":21,"column":2}},"2":{"start":{"line":18,"column":7},"end":{"line":18,"column":42}},"3":{"start":{"line":25,"column":37},"end":{"line":25,"column":57}}},"fnMap":{"0":{"name":"(anonymous_0)","decl":{"start":{"line":17,"column":23},"end":{"line":17,"column":24}},"loc":{"start":{"line":17,"column":42},"end":{"line":19,"column":5}},"line":17}},"branchMap":{},"s":{"0":4,"1":4,"2":1,"3":4},"f":{"0":1},"b":{},"_coverageSchema":"1a1c01bbd47fc00a2c39e90264f33305004495a9","hash":"3a43816670fd326beadff452eec46a971f0118c0"}
,"/home/rails/parking_app/car-parking-app/src/Components/ParkingSlots /ParkingSlots.tsx": {"path":"/home/rails/parking_app/car-parking-app/src/Components/ParkingSlots /ParkingSlots.tsx","statementMap":{"0":{"start":{"line":32,"column":20},"end":{"line":32,"column":24}},"1":{"start":{"line":34,"column":8},"end":{"line":34,"column":21}},"2":{"start":{"line":35,"column":8},"end":{"line":39,"column":10}},"3":{"start":{"line":42,"column":24},"end":{"line":57,"column":5}},"4":{"start":{"line":43,"column":8},"end":{"line":56,"column":9}},"5":{"start":{"line":44,"column":42},"end":{"line":44,"column":44}},"6":{"start":{"line":45,"column":12},"end":{"line":51,"column":13}},"7":{"start":{"line":45,"column":24},"end":{"line":45,"column":25}},"8":{"start":{"line":46,"column":16},"end":{"line":50,"column":18}},"9":{"start":{"line":52,"column":12},"end":{"line":53,"column":15}},"10":{"start":{"line":55,"column":12},"end":{"line":55,"column":67}},"11":{"start":{"line":59,"column":27},"end":{"line":61,"column":5}},"12":{"start":{"line":65,"column":22},"end":{"line":102,"column":5}},"13":{"start":{"line":66,"column":8},"end":{"line":70,"column":9}},"14":{"start":{"line":67,"column":27},"end":{"line":67,"column":70}},"15":{"start":{"line":67,"column":33},"end":{"line":67,"column":70}},"16":{"start":{"line":68,"column":12},"end":{"line":68,"column":21}},"17":{"start":{"line":69,"column":12},"end":{"line":69,"column":19}},"18":{"start":{"line":71,"column":35},"end":{"line":71,"column":57}},"19":{"start":{"line":72,"column":41},"end":{"line":72,"column":171}},"20":{"start":{"line":72,"column":87},"end":{"line":72,"column":170}},"21":{"start":{"line":73,"column":8},"end":{"line":77,"column":9}},"22":{"start":{"line":74,"column":27},"end":{"line":74,"column":78}},"23":{"start":{"line":74,"column":33},"end":{"line":74,"column":78}},"24":{"start":{"line":75,"column":12},"end":{"line":75,"column":21}},"25":{"start":{"line":76,"column":12},"end":{"line":76,"column":19}},"26":{"start":{"line":78,"column":29},"end":{"line":78,"column":101}},"27":{"start":{"line":78,"column":75},"end":{"line":78,"column":100}},"28":{"start":{"line":79,"column":8},"end":{"line":83,"column":9}},"29":{"start":{"line":80,"column":27},"end":{"line":80,"column":59}},"30":{"start":{"line":80,"column":33},"end":{"line":80,"column":59}},"31":{"start":{"line":81,"column":12},"end":{"line":81,"column":21}},"32":{"start":{"line":82,"column":12},"end":{"line":82,"column":19}},"33":{"start":{"line":85,"column":36},"end":{"line":85,"column":38}},"34":{"start":{"line":86,"column":8},"end":{"line":90,"column":11}},"35":{"start":{"line":87,"column":12},"end":{"line":89,"column":13}},"36":{"start":{"line":88,"column":16},"end":{"line":88,"column":45}},"37":{"start":{"line":92,"column":26},"end":{"line":92,"column":79}},"38":{"start":{"line":93,"column":8},"end":{"line":93,"column":80}},"39":{"start":{"line":94,"column":8},"end":{"line":94,"column":109}},"40":{"start":{"line":95,"column":9},"end":{"line":95,"column":89}},"41":{"start":{"line":97,"column":8},"end":{"line":101,"column":11}},"42":{"start":{"line":98,"column":12},"end":{"line":98,"column":93}},"43":{"start":{"line":99,"column":27},"end":{"line":99,"column":70}},"44":{"start":{"line":99,"column":33},"end":{"line":99,"column":70}},"45":{"start":{"line":100,"column":12},"end":{"line":100,"column":21}},"46":{"start":{"line":106,"column":28},"end":{"line":109,"column":5}},"47":{"start":{"line":107,"column":8},"end":{"line":107,"column":32}},"48":{"start":{"line":108,"column":8},"end":{"line":108,"column":65}},"49":{"start":{"line":112,"column":18},"end":{"line":114,"column":5}},"50":{"start":{"line":113,"column":8},"end":{"line":113,"column":77}},"51":{"start":{"line":116,"column":22},"end":{"line":139,"column":5}},"52":{"start":{"line":117,"column":8},"end":{"line":138,"column":9}},"53":{"start":{"line":121,"column":20},"end":{"line":134,"column":21}},"54":{"start":{"line":129,"column":30},"end":{"line":129,"column":73}},"55":{"start":{"line":142,"column":8},"end":{"line":149,"column":9}},"56":{"start":{"line":145,"column":195},"end":{"line":145,"column":228}},"57":{"start":{"line":146,"column":121},"end":{"line":146,"column":143}},"58":{"start":{"line":156,"column":24},"end":{"line":158,"column":2}},"59":{"start":{"line":156,"column":41},"end":{"line":158,"column":1}},"60":{"start":{"line":160,"column":27},"end":{"line":162,"column":1}}},"fnMap":{"0":{"name":"(anonymous_0)","decl":{"start":{"line":33,"column":4},"end":{"line":33,"column":5}},"loc":{"start":{"line":33,"column":28},"end":{"line":40,"column":5}},"line":33},"1":{"name":"(anonymous_1)","decl":{"start":{"line":42,"column":24},"end":{"line":42,"column":25}},"loc":{"start":{"line":42,"column":30},"end":{"line":57,"column":5}},"line":42},"2":{"name":"(anonymous_2)","decl":{"start":{"line":52,"column":56},"end":{"line":52,"column":57}},"loc":{"start":{"line":52,"column":62},"end":{"line":53,"column":13}},"line":52},"3":{"name":"(anonymous_3)","decl":{"start":{"line":59,"column":27},"end":{"line":59,"column":28}},"loc":{"start":{"line":59,"column":33},"end":{"line":61,"column":5}},"line":59},"4":{"name":"(anonymous_4)","decl":{"start":{"line":65,"column":22},"end":{"line":65,"column":23}},"loc":{"start":{"line":65,"column":28},"end":{"line":102,"column":5}},"line":65},"5":{"name":"(anonymous_5)","decl":{"start":{"line":67,"column":27},"end":{"line":67,"column":28}},"loc":{"start":{"line":67,"column":33},"end":{"line":67,"column":70}},"line":67},"6":{"name":"(anonymous_6)","decl":{"start":{"line":72,"column":72},"end":{"line":72,"column":73}},"loc":{"start":{"line":72,"column":87},"end":{"line":72,"column":170}},"line":72},"7":{"name":"(anonymous_7)","decl":{"start":{"line":74,"column":27},"end":{"line":74,"column":28}},"loc":{"start":{"line":74,"column":33},"end":{"line":74,"column":78}},"line":74},"8":{"name":"(anonymous_8)","decl":{"start":{"line":78,"column":60},"end":{"line":78,"column":61}},"loc":{"start":{"line":78,"column":75},"end":{"line":78,"column":100}},"line":78},"9":{"name":"(anonymous_9)","decl":{"start":{"line":80,"column":27},"end":{"line":80,"column":28}},"loc":{"start":{"line":80,"column":33},"end":{"line":80,"column":59}},"line":80},"10":{"name":"(anonymous_10)","decl":{"start":{"line":86,"column":33},"end":{"line":86,"column":34}},"loc":{"start":{"line":86,"column":60},"end":{"line":90,"column":9}},"line":86},"11":{"name":"(anonymous_11)","decl":{"start":{"line":97,"column":83},"end":{"line":97,"column":84}},"loc":{"start":{"line":97,"column":89},"end":{"line":101,"column":9}},"line":97},"12":{"name":"(anonymous_12)","decl":{"start":{"line":99,"column":27},"end":{"line":99,"column":28}},"loc":{"start":{"line":99,"column":33},"end":{"line":99,"column":70}},"line":99},"13":{"name":"(anonymous_13)","decl":{"start":{"line":106,"column":28},"end":{"line":106,"column":29}},"loc":{"start":{"line":106,"column":44},"end":{"line":109,"column":5}},"line":106},"14":{"name":"(anonymous_14)","decl":{"start":{"line":112,"column":18},"end":{"line":112,"column":19}},"loc":{"start":{"line":112,"column":33},"end":{"line":114,"column":5}},"line":112},"15":{"name":"(anonymous_15)","decl":{"start":{"line":116,"column":22},"end":{"line":116,"column":23}},"loc":{"start":{"line":116,"column":28},"end":{"line":139,"column":5}},"line":116},"16":{"name":"(anonymous_16)","decl":{"start":{"line":120,"column":44},"end":{"line":120,"column":45}},"loc":{"start":{"line":120,"column":71},"end":{"line":135,"column":17}},"line":120},"17":{"name":"(anonymous_17)","decl":{"start":{"line":129,"column":24},"end":{"line":129,"column":25}},"loc":{"start":{"line":129,"column":30},"end":{"line":129,"column":73}},"line":129},"18":{"name":"(anonymous_18)","decl":{"start":{"line":141,"column":4},"end":{"line":141,"column":5}},"loc":{"start":{"line":141,"column":13},"end":{"line":150,"column":5}},"line":141},"19":{"name":"(anonymous_19)","decl":{"start":{"line":145,"column":184},"end":{"line":145,"column":185}},"loc":{"start":{"line":145,"column":195},"end":{"line":145,"column":228}},"line":145},"20":{"name":"(anonymous_20)","decl":{"start":{"line":146,"column":115},"end":{"line":146,"column":116}},"loc":{"start":{"line":146,"column":121},"end":{"line":146,"column":143}},"line":146},"21":{"name":"(anonymous_21)","decl":{"start":{"line":156,"column":24},"end":{"line":156,"column":25}},"loc":{"start":{"line":156,"column":41},"end":{"line":158,"column":1}},"line":156}},"branchMap":{"0":{"loc":{"start":{"line":43,"column":8},"end":{"line":56,"column":9}},"type":"if","locations":[{"start":{"line":43,"column":8},"end":{"line":56,"column":9}},{"start":{"line":54,"column":15},"end":{"line":56,"column":9}}],"line":43},"1":{"loc":{"start":{"line":43,"column":11},"end":{"line":43,"column":72}},"type":"binary-expr","locations":[{"start":{"line":43,"column":11},"end":{"line":43,"column":33}},{"start":{"line":43,"column":37},"end":{"line":43,"column":72}}],"line":43},"2":{"loc":{"start":{"line":66,"column":8},"end":{"line":70,"column":9}},"type":"if","locations":[{"start":{"line":66,"column":8},"end":{"line":70,"column":9}},{"start":{},"end":{}}],"line":66},"3":{"loc":{"start":{"line":73,"column":8},"end":{"line":77,"column":9}},"type":"if","locations":[{"start":{"line":73,"column":8},"end":{"line":77,"column":9}},{"start":{},"end":{}}],"line":73},"4":{"loc":{"start":{"line":79,"column":8},"end":{"line":83,"column":9}},"type":"if","locations":[{"start":{"line":79,"column":8},"end":{"line":83,"column":9}},{"start":{},"end":{}}],"line":79},"5":{"loc":{"start":{"line":87,"column":12},"end":{"line":89,"column":13}},"type":"if","locations":[{"start":{"line":87,"column":12},"end":{"line":89,"column":13}},{"start":{},"end":{}}],"line":87},"6":{"loc":{"start":{"line":123,"column":109},"end":{"line":123,"column":144}},"type":"cond-expr","locations":[{"start":{"line":123,"column":128},"end":{"line":123,"column":134}},{"start":{"line":123,"column":137},"end":{"line":123,"column":144}}],"line":123},"7":{"loc":{"start":{"line":129,"column":30},"end":{"line":129,"column":73}},"type":"binary-expr","locations":[{"start":{"line":129,"column":30},"end":{"line":129,"column":47}},{"start":{"line":129,"column":51},"end":{"line":129,"column":73}}],"line":129}},"s":{"0":5,"1":5,"2":5,"3":5,"4":5,"5":3,"6":3,"7":3,"8":4,"9":3,"10":2,"11":5,"12":5,"13":5,"14":1,"15":1,"16":1,"17":1,"18":4,"19":4,"20":4,"21":4,"22":1,"23":1,"24":1,"25":1,"26":3,"27":2,"28":3,"29":1,"30":1,"31":1,"32":1,"33":2,"34":2,"35":3,"36":3,"37":2,"38":2,"39":2,"40":2,"41":2,"42":2,"43":2,"44":2,"45":2,"46":5,"47":1,"48":1,"49":5,"50":0,"51":5,"52":17,"53":14,"54":0,"55":17,"56":1,"57":1,"58":2,"59":0,"60":2},"f":{"0":5,"1":5,"2":3,"3":4,"4":5,"5":1,"6":4,"7":1,"8":2,"9":1,"10":3,"11":2,"12":2,"13":1,"14":0,"15":17,"16":14,"17":0,"18":17,"19":1,"20":1,"21":0},"b":{"0":[3,2],"1":[5,5],"2":[1,4],"3":[1,3],"4":[1,2],"5":[3,0],"6":[12,2],"7":[0,0]},"_coverageSchema":"1a1c01bbd47fc00a2c39e90264f33305004495a9","hash":"c74217569f4be5d78f3885d99796784a7b19b2c1"}
,"/home/rails/parking_app/car-parking-app/src/app/store.tsx": {"path":"/home/rails/parking_app/car-parking-app/src/app/store.tsx","statementMap":{"0":{"start":{"line":5,"column":20},"end":{"line":7,"column":2}},"1":{"start":{"line":9,"column":14},"end":{"line":13,"column":2}}},"fnMap":{},"branchMap":{},"s":{"0":1,"1":1},"f":{},"b":{},"_coverageSchema":"1a1c01bbd47fc00a2c39e90264f33305004495a9","hash":"345f0bf504724f4e29dffc2b3f981ac5f4152de5"}
}
