TN:
SF:src/App.tsx
FN:7,App
FNF:1
FNH:1
FNDA:1,App
DA:8,1
LF:1
LH:1
BRF:0
BRH:0
end_of_record
TN:
SF:src/Router.tsx
FN:3,(anonymous_0)
FN:5,(anonymous_1)
FNF:2
FNH:2
FNDA:6,(anonymous_0)
FNDA:1,(anonymous_1)
DA:3,4
DA:5,6
DA:6,1
DA:7,1
DA:8,1
DA:9,1
DA:18,6
LF:7
LH:7
BRF:0
BRH:0
end_of_record
TN:
SF:src/index.tsx
FNF:0
FNH:0
DA:9,0
DA:13,0
LF:2
LH:0
BRF:0
BRH:0
end_of_record
TN:
SF:src/Components/ParkingCharges/ParkingCharges.tsx
FN:30,(anonymous_0)
FN:39,(anonymous_1)
FN:52,(anonymous_2)
FN:56,(anonymous_3)
FN:60,(anonymous_4)
FN:62,(anonymous_5)
FN:78,(anonymous_6)
FN:87,(anonymous_7)
FN:88,(anonymous_8)
FN:96,(anonymous_9)
FNF:10
FNH:7
FNDA:2,(anonymous_0)
FNDA:2,(anonymous_1)
FNDA:1,(anonymous_2)
FNDA:0,(anonymous_3)
FNDA:1,(anonymous_4)
FNDA:1,(anonymous_5)
FNDA:4,(anonymous_6)
FNDA:0,(anonymous_7)
FNDA:1,(anonymous_8)
FNDA:0,(anonymous_9)
DA:29,2
DA:31,2
DA:32,2
DA:39,2
DA:40,2
DA:41,2
DA:42,2
DA:43,2
DA:44,2
DA:45,0
DA:47,2
DA:49,2
DA:52,2
DA:56,2
DA:57,0
DA:60,2
DA:61,1
DA:62,1
DA:63,1
DA:64,1
DA:65,1
DA:73,1
DA:74,1
DA:79,4
DA:87,0
DA:88,1
DA:96,2
DA:100,2
LF:28
LH:25
BRDA:44,0,0,0
BRDA:44,0,1,2
BRF:2
BRH:1
end_of_record
TN:
SF:src/Components/ParkingHome/ParkingHome.tsx
FN:24,(anonymous_0)
FN:31,(anonymous_1)
FN:35,(anonymous_2)
FN:39,(anonymous_3)
FN:44,(anonymous_4)
FN:48,(anonymous_5)
FN:55,(anonymous_6)
FN:59,(anonymous_7)
FN:68,(anonymous_8)
FN:77,(anonymous_9)
FNF:10
FNH:10
FNDA:3,(anonymous_0)
FNDA:3,(anonymous_1)
FNDA:1,(anonymous_2)
FNDA:1,(anonymous_3)
FNDA:1,(anonymous_4)
FNDA:4,(anonymous_5)
FNDA:1,(anonymous_6)
FNDA:1,(anonymous_7)
FNDA:4,(anonymous_8)
FNDA:1,(anonymous_9)
DA:23,3
DA:25,3
DA:26,3
DA:31,3
DA:32,3
DA:35,3
DA:39,3
DA:40,1
DA:41,1
DA:44,3
DA:45,1
DA:48,3
DA:49,4
DA:55,1
DA:59,1
DA:69,4
DA:77,2
DA:81,2
LF:18
LH:18
BRF:0
BRH:0
end_of_record
TN:
SF:src/Components/ParkingSlots /ParkingSlice.ts
FN:17,(anonymous_0)
FNF:1
FNH:1
FNDA:1,(anonymous_0)
DA:8,4
DA:13,4
DA:18,1
DA:25,4
LF:4
LH:4
BRF:0
BRH:0
end_of_record
TN:
SF:src/Components/ParkingSlots /ParkingSlots.tsx
FN:33,(anonymous_0)
FN:42,(anonymous_1)
FN:52,(anonymous_2)
FN:59,(anonymous_3)
FN:65,(anonymous_4)
FN:67,(anonymous_5)
FN:72,(anonymous_6)
FN:74,(anonymous_7)
FN:78,(anonymous_8)
FN:80,(anonymous_9)
FN:86,(anonymous_10)
FN:97,(anonymous_11)
FN:99,(anonymous_12)
FN:106,(anonymous_13)
FN:112,(anonymous_14)
FN:116,(anonymous_15)
FN:120,(anonymous_16)
FN:129,(anonymous_17)
FN:141,(anonymous_18)
FN:145,(anonymous_19)
FN:146,(anonymous_20)
FN:156,(anonymous_21)
FNF:22
FNH:19
FNDA:5,(anonymous_0)
FNDA:5,(anonymous_1)
FNDA:3,(anonymous_2)
FNDA:4,(anonymous_3)
FNDA:5,(anonymous_4)
FNDA:1,(anonymous_5)
FNDA:4,(anonymous_6)
FNDA:1,(anonymous_7)
FNDA:2,(anonymous_8)
FNDA:1,(anonymous_9)
FNDA:3,(anonymous_10)
FNDA:2,(anonymous_11)
FNDA:2,(anonymous_12)
FNDA:1,(anonymous_13)
FNDA:0,(anonymous_14)
FNDA:17,(anonymous_15)
FNDA:14,(anonymous_16)
FNDA:0,(anonymous_17)
FNDA:17,(anonymous_18)
FNDA:1,(anonymous_19)
FNDA:1,(anonymous_20)
FNDA:0,(anonymous_21)
DA:32,5
DA:34,5
DA:35,5
DA:42,5
DA:43,5
DA:44,3
DA:45,3
DA:46,4
DA:52,3
DA:55,2
DA:59,5
DA:65,5
DA:66,5
DA:67,1
DA:68,1
DA:69,1
DA:71,4
DA:72,4
DA:73,4
DA:74,1
DA:75,1
DA:76,1
DA:78,3
DA:79,3
DA:80,1
DA:81,1
DA:82,1
DA:85,2
DA:86,2
DA:87,3
DA:88,3
DA:92,2
DA:93,2
DA:94,2
DA:95,2
DA:97,2
DA:98,2
DA:99,2
DA:100,2
DA:106,5
DA:107,1
DA:108,1
DA:112,5
DA:113,0
DA:116,5
DA:117,17
DA:121,14
DA:129,0
DA:142,17
DA:145,1
DA:146,1
DA:156,2
DA:160,2
LF:53
LH:51
BRDA:43,0,0,3
BRDA:43,0,1,2
BRDA:43,1,0,5
BRDA:43,1,1,5
BRDA:66,2,0,1
BRDA:66,2,1,4
BRDA:73,3,0,1
BRDA:73,3,1,3
BRDA:79,4,0,1
BRDA:79,4,1,2
BRDA:87,5,0,3
BRDA:87,5,1,0
BRDA:123,6,0,12
BRDA:123,6,1,2
BRDA:129,7,0,0
BRDA:129,7,1,0
BRF:16
BRH:13
end_of_record
TN:
SF:src/app/store.tsx
FNF:0
FNH:0
DA:5,1
DA:9,1
LF:2
LH:2
BRF:0
BRH:0
end_of_record
